<?xml version="1.0" encoding="utf-8"?><testsuites name="pytest tests"><testsuite name="pytest" errors="0" failures="2" skipped="0" tests="5" time="72.575" timestamp="2026-07-15T01:37:44.664521+00:00" hostname="agent-env-5206760b-5bf4-4fba-8d25-162b5fd5105e"><testcase classname="tests.test_extract_regression.TestVardhamanSuccess" name="test_prolomet_available" time="26.536" /><testcase classname="tests.test_extract_regression.TestChethanaColor" name="test_stock_status_and_screenshot" time="19.557"><failure message="AssertionError: debug.stockStatus must not be null, got None. detail=Matched: PROLOMET XL 25 MG $&#10;assert None in ('AVAILABLE', 'INSUFFICIENT', 'UNAVAILABLE')">tests/test_extract_regression.py:73: in test_stock_status_and_screenshot
    assert stock in ("AVAILABLE", "INSUFFICIENT", "UNAVAILABLE"), (
E   AssertionError: debug.stockStatus must not be null, got None. detail=Matched: PROLOMET XL 25 MG $
E   assert None in ('AVAILABLE', 'INSUFFICIENT', 'UNAVAILABLE')</failure></testcase><testcase classname="tests.test_extract_regression.TestVardhamanNotFound" name="test_fake_drug" time="16.755" /><testcase classname="tests.test_extract_regression.TestSunshopRegression" name="test_saroj_no_error" time="18.430" /><testcase classname="tests.test_extract_regression.TestManualPick" name="test_manual_pick_after_not_found" time="35.697"><failure message="AssertionError: manual-pick status=None: None&#10;assert None == 'SUCCESS'&#10; +  where None = &lt;built-in method get of dict object at 0xfd20371f6c40&gt;('status')&#10; +    where &lt;built-in method get of dict object at 0xfd20371f6c40&gt; = {'result': {'targetId': 'e2348c3f-eaee-43d8-b558-8ca15803d0f4', 'targetName': 'KAPILA PHARMA', 'portal': 'SUNSHOP', 'portalType': 'SUNSHOP', ...}}.get">tests/test_extract_regression.py:153: in test_manual_pick_after_not_found
    assert target_result.get("status") == "SUCCESS", (
E   AssertionError: manual-pick status=None: None
E   assert None == 'SUCCESS'
E    +  where None = &lt;built-in method get of dict object at 0xfd20371f6c40&gt;('status')
E    +    where &lt;built-in method get of dict object at 0xfd20371f6c40&gt; = {'result': {'targetId': 'e2348c3f-eaee-43d8-b558-8ca15803d0f4', 'targetName': 'KAPILA PHARMA', 'portal': 'SUNSHOP', 'portalType': 'SUNSHOP', ...}}.get</failure></testcase></testsuite></testsuites>