<?xml version="1.0" encoding="utf-8"?><testsuites name="pytest tests"><testsuite name="pytest" errors="0" failures="0" skipped="0" tests="7" time="98.849" timestamp="2026-07-15T01:47:32.805225+00:00" hostname="agent-env-5206760b-5bf4-4fba-8d25-162b5fd5105e"><testcase classname="tests.test_extract_regression.TestVardhamanSuccess" name="test_prolomet_available" time="26.591" /><testcase classname="tests.test_extract_regression.TestChethanaColor" name="test_stock_status_and_screenshot" time="19.859" /><testcase classname="tests.test_extract_regression.TestVardhamanNotFound" name="test_fake_drug" time="16.732" /><testcase classname="tests.test_extract_regression.TestSunshopRegression" name="test_saroj_no_error" time="18.663" /><testcase classname="tests.test_extract_regression.TestLiveconnectRegression" name="test_liveconnect_no_error" time="27.852" /><testcase classname="tests.test_extract_regression.TestTargetsLocation" name="test_location_present" time="0.000" /><testcase classname="tests.test_extract_regression.TestManualPick" name="test_manual_pick_after_not_found" time="33.860" /></testsuite></testsuites>