<?xml version="1.0" encoding="utf-8"?><testsuites name="pytest tests"><testsuite name="pytest" errors="0" failures="1" skipped="0" tests="4" time="38.287" timestamp="2026-07-15T01:29:19.753838+00:00" hostname="agent-env-5206760b-5bf4-4fba-8d25-162b5fd5105e"><testcase classname="tests.test_chethana_extract.TestChethanaColorStatus" name="test_chirag_pharma_target_exists" time="0.674" /><testcase classname="tests.test_chethana_extract.TestChethanaColorStatus" name="test_extract_returns_stock_status_and_color_screenshot" time="18.092"><failure message="AssertionError: stockStatus must be AVAILABLE/INSUFFICIENT/UNAVAILABLE, got None. detail=Matched: PROLOMET XL 25 MG $&#10;assert None in ('AVAILABLE', 'INSUFFICIENT', 'UNAVAILABLE')">backend/tests/test_chethana_extract.py:95: in test_extract_returns_stock_status_and_color_screenshot
    assert stock in ("AVAILABLE", "INSUFFICIENT", "UNAVAILABLE"), (
E   AssertionError: stockStatus must be AVAILABLE/INSUFFICIENT/UNAVAILABLE, got None. detail=Matched: PROLOMET XL 25 MG $
E   assert None in ('AVAILABLE', 'INSUFFICIENT', 'UNAVAILABLE')</failure></testcase><testcase classname="tests.test_chethana_extract.TestSunshopRegression" name="test_sunshop_extract_no_error" time="19.266" /><testcase classname="tests.test_chethana_extract.TestLiveconnect" name="test_session_status_active" time="0.178" /></testsuite></testsuites>